21:13:59.668 INFO   
21:13:59.711 INFO  Listening on port 8084 
21:14:53.775 INFO   
21:14:53.817 INFO  Listening on port 9000 
21:15:29.370 INFO   
21:15:29.413 INFO  Listening on port 9000 
21:17:33.656 INFO   
21:17:33.699 INFO  Listening on port 9000 
21:18:07.645 INFO   
21:18:07.689 INFO  Listening on port 9000 db:[object Object] 
21:18:11.096 INFO   
21:18:11.140 INFO  Listening on port 9000 db:[object Object] 
21:18:54.636 INFO   
21:18:54.678 INFO  Listening on port 9000 db:logs 
21:20:42.775 INFO   
21:20:42.821 INFO  Listening on port 9000 db:logs 
21:59:46.129 INFO   
21:59:46.172 INFO  Listening on port 8084 db:logs 
21:59:56.654 INFO  1508097596654 
22:01:03.602 INFO   
22:01:03.644 INFO  Listening on port 8084 db:logs 
22:01:35.326 INFO   
22:01:35.370 INFO  Listening on port 8084 db:logs 
22:08:34.113 INFO   
22:08:34.157 INFO  Listening on port 8084 db:logs 
22:10:38.172 INFO   
22:10:38.219 INFO  Listening on port 8084 db:logs 
22:11:11.506 INFO   
22:11:11.550 INFO  Listening on port 8084 db:logs 
22:11:13.681 INFO  [33m{"date":"Oct 15 21:19:08","host":"lappi","mess":"Oct 15 21:19:08 lappi kernel: [ 2157.152143] usb usb2-port4: unable to enumerate USB device"}
[39m 
22:14:14.356 INFO   
22:14:14.400 INFO  Listening on port 8084 db:logs 
22:14:33.935 INFO   
22:14:33.978 INFO  Listening on port 8084 db:logs 
22:14:41.853 INFO  [33mlappi[39m 
22:16:57.196 INFO   
22:16:57.239 INFO  Listening on port 8084 db:logs 
22:16:59.842 INFO  [33mlappi[39m 
22:17:53.472 INFO   
22:17:53.516 INFO  Listening on port 8084 db:logs 
22:17:55.703 INFO  [33mlappi[39m 
22:19:46.190 INFO   
22:19:46.238 INFO  Listening on port 8084 db:logs 
22:22:07.448 INFO   
22:22:07.494 INFO  Listening on port 8084 db:logs 
22:22:54.230 INFO   
22:22:54.273 INFO  Listening on port 8084 db:logs 
22:22:56.919 INFO  [33mlappi[39m 
22:23:19.128 INFO   
22:23:19.171 INFO  Listening on port 8084 db:logs 
22:23:23.142 INFO  [33mlappi[39m 
22:26:08.003 INFO   
22:26:08.048 INFO  Listening on port 8084 db:logs 
22:26:11.608 INFO  [33mlappi[39m 
22:27:16.096 INFO   
22:27:16.139 INFO  Listening on port 8084 db:logs 
22:28:27.194 INFO   
22:28:27.238 INFO  Listening on port 8084 db:logs 
22:31:23.293 INFO   
22:31:23.336 INFO  Listening on port 8084 db:logs 
22:33:38.612 INFO  [33mlappi[39m 
22:33:42.003 INFO  [33mlappi[39m 
23:03:47.675 INFO   
23:03:47.717 INFO  Listening on port 8084 db:logs 
23:15:29.507 INFO  [33mlappi[39m 
23:15:50.893 INFO  [33mlappi[39m 
23:19:07.900 INFO   
23:19:07.944 INFO  Listening on port 8084 db:logs 
23:19:19.590 INFO   
23:19:19.635 INFO  Listening on port 8084 db:logs 
23:44:12.339 INFO   
23:44:12.383 INFO  Listening on port 8084 db:logs 
23:44:52.736 INFO  [33mlappi[39m 
23:47:07.510 INFO   
23:47:07.554 INFO  Listening on port 8084 db:logs 
23:47:29.892 INFO   
23:47:29.936 INFO  Listening on port 8084 db:logs 
23:48:21.444 INFO   
23:48:21.489 INFO  Listening on port 8084 db:logs 
23:48:24.671 INFO  [33mlappi[39m 
23:56:30.910 INFO   
23:56:30.953 INFO  Listening on port 8084 db:logs 
23:56:37.211 INFO  [33mlappi[39m 
23:59:11.573 INFO   
23:59:11.616 INFO  Listening on port 8084 db:logs 
23:59:15.318 INFO  [33mlappi[39m 
00:01:43.777 INFO   
00:01:43.821 INFO  Listening on port 8084 db:logs 
00:01:47.476 INFO  [33mlappi[39m 
00:09:22.669 INFO  [33mlappi[39m 
00:09:22.701 INFO  [33mlappi[39m 
00:09:22.715 INFO  [33mlappi[39m 
00:09:22.741 INFO  [33mlappi[39m 
00:09:22.756 INFO  [33mlappi[39m 
00:09:22.783 INFO  [33mlappi[39m 
00:09:22.809 INFO  [33mlappi[39m 
00:09:22.824 INFO  [33mlappi[39m 
00:09:22.851 INFO  [33mlappi[39m 
00:09:22.866 INFO  [33mlappi[39m 
00:09:30.710 INFO  [33mlappi[39m 
00:09:30.731 INFO  [33mlappi[39m 
00:09:30.752 INFO  [33mlappi[39m 
00:09:30.783 INFO  [33mlappi[39m 
00:09:30.809 INFO  [33mlappi[39m 
00:09:30.832 INFO  [33mlappi[39m 
00:09:30.858 INFO  [33mlappi[39m 
00:09:30.874 INFO  [33mlappi[39m 
00:09:30.900 INFO  [33mlappi[39m 
00:09:30.924 INFO  [33mlappi[39m 
00:14:55.937 INFO  [33mlappi[39m 
00:14:55.959 INFO  [33mlappi[39m 
00:14:55.976 INFO  [33mlappi[39m 
00:14:56.001 INFO  [33mlappi[39m 
00:14:56.013 INFO  [33mlappi[39m 
00:14:56.036 INFO  [33mlappi[39m 
00:14:56.054 INFO  [33mlappi[39m 
00:14:56.079 INFO  [33mlappi[39m 
00:14:56.092 INFO  [33mlappi[39m 
00:14:56.116 INFO  [33mlappi[39m 
00:15:16.249 INFO  [33mlappi[39m 
00:15:16.266 INFO  [33mlappi[39m 
00:15:16.284 INFO  [33mlappi[39m 
00:15:16.300 INFO  [33mlappi[39m 
00:15:16.315 INFO  [33mlappi[39m 
00:15:16.328 INFO  [33mlappi[39m 
00:15:16.346 INFO  [33mlappi[39m 
00:15:16.361 INFO  [33mlappi[39m 
00:15:16.374 INFO  [33mlappi[39m 
00:15:16.387 INFO  [33mlappi[39m 
00:15:46.470 INFO  [33mlappi[39m 
00:15:51.108 INFO  [33mlappi[39m 
00:15:51.244 INFO  [33mlappi[39m 
00:15:51.257 INFO  [33mlappi[39m 
00:15:51.273 INFO  [33mlappi[39m 
00:15:51.295 INFO  [33mlappi[39m 
00:15:51.307 INFO  [33mlappi[39m 
00:15:51.323 INFO  [33mlappi[39m 
00:15:51.336 INFO  [33mlappi[39m 
00:15:51.370 INFO  [33mlappi[39m 
00:20:53.187 INFO   
00:20:53.233 INFO  Listening on port 8084 db:logs 
00:22:18.574 INFO   
00:22:18.620 INFO  Listening on port 9000 db:logs 
00:23:00.286 INFO  [33mlappi[39m 
00:23:00.316 INFO  [33mlappi[39m 
00:23:00.331 INFO  [33mlappi[39m 
00:23:00.349 INFO  [33mlappi[39m 
00:23:00.364 INFO  [33mlappi[39m 
00:23:00.380 INFO  [33mlappi[39m 
00:23:00.395 INFO  [33mlappi[39m 
00:23:00.412 INFO  [33mlappi[39m 
00:23:00.425 INFO  [33mlappi[39m 
00:23:00.440 INFO  [33mlappi[39m 
00:23:01.919 INFO  [33mlappi[39m 
00:23:04.491 INFO  [33mlappi[39m 
00:23:04.628 INFO  [33mlappi[39m 
00:23:04.641 INFO  [33mlappi[39m 
00:23:04.655 INFO  [33mlappi[39m 
00:23:04.682 INFO  [33mlappi[39m 
00:23:04.695 INFO  [33mlappi[39m 
00:23:04.717 INFO  [33mlappi[39m 
00:23:04.737 INFO  [33mlappi[39m 
00:23:04.770 INFO  [33mlappi[39m 
00:32:44.354 INFO  [33mlappi[39m 
00:32:44.365 INFO  [33mlappi[39m 
00:32:44.379 INFO  [33mlappi[39m 
00:32:44.393 INFO  [33mlappi[39m 
00:32:44.402 INFO  [33mlappi[39m 
00:32:44.417 INFO  [33mlappi[39m 
00:32:44.425 INFO  [33mlappi[39m 
00:32:44.434 INFO  [33mlappi[39m 
00:32:44.448 INFO  [33mlappi[39m 
00:32:44.455 INFO  [33mlappi[39m 
00:35:02.656 INFO  [33mlappi[39m 
00:37:27.150 INFO   
00:37:27.196 INFO  Listening on port 9000 db:logs 
00:37:36.012 INFO  [33mlappi[39m 
00:38:01.003 INFO   
00:38:01.071 INFO  Listening on port 9000 db:logs 
00:38:32.229 INFO   
00:38:32.278 INFO  Listening on port 9000 db:logs 
00:38:54.748 INFO  [33mlappi[39m 
00:38:54.767 INFO  [33mlappi[39m 
00:38:54.871 INFO  [33mlappi[39m 
00:38:57.201 INFO  [33mlappi[39m 
00:38:57.337 INFO  [33mlappi[39m 
00:38:57.349 INFO  [33mlappi[39m 
00:38:57.364 INFO  [33mlappi[39m 
00:38:57.375 INFO  [33mlappi[39m 
00:38:57.384 INFO  [33mlappi[39m 
00:38:57.397 INFO  [33mlappi[39m 
00:38:57.411 INFO  [33mlappi[39m 
00:38:57.456 INFO  [33mlappi[39m 
00:38:57.488 INFO  [33mlappi[39m 
00:38:57.497 INFO  [33mlappi[39m 
00:38:58.159 INFO  [33mlappi[39m 
00:39:01.875 INFO  [33mlappi[39m 
00:39:25.073 INFO   
00:39:25.119 INFO  Listening on port 9000 db:logs 
00:39:30.080 INFO  [33mlappi[39m 
00:39:30.099 INFO  [33mlappi[39m 
00:39:30.174 INFO  [33mlappi[39m 
00:39:31.578 INFO  [33mlappi[39m 
00:39:31.714 INFO  [33mlappi[39m 
00:39:31.725 INFO  [33mlappi[39m 
00:39:31.736 INFO  [33mlappi[39m 
00:39:31.753 INFO  [33mlappi[39m 
00:39:31.768 INFO  [33mlappi[39m 
00:39:31.782 INFO  [33mlappi[39m 
00:39:31.800 INFO  [33mlappi[39m 
00:39:31.842 INFO  [33mlappi[39m 
00:39:31.869 INFO  [33mlappi[39m 
00:39:31.892 INFO  [33mlappi[39m 
00:39:33.162 INFO  [33mlappi[39m 
00:39:37.518 INFO  [33mlappi[39m 
00:39:37.550 INFO  [33mlappi[39m 
00:39:37.646 INFO  [33mlappi[39m 
00:39:39.684 INFO  [33mlappi[39m 
00:39:39.818 INFO  [33mlappi[39m 
00:39:39.829 INFO  [33mlappi[39m 
00:39:39.840 INFO  [33mlappi[39m 
00:39:39.850 INFO  [33mlappi[39m 
00:39:39.865 INFO  [33mlappi[39m 
00:39:39.882 INFO  [33mlappi[39m 
00:39:39.897 INFO  [33mlappi[39m 
00:39:39.948 INFO  [33mlappi[39m 
00:39:39.977 INFO  [33mlappi[39m 
00:39:39.987 INFO  [33mlappi[39m 
00:39:41.163 INFO  [33mlappi[39m 
00:39:45.470 INFO  [33mlappi[39m 
00:39:45.503 INFO  [33mlappi[39m 
00:39:45.607 INFO  [33mlappi[39m 
00:39:49.158 INFO  [33mlappi[39m 
00:40:34.632 INFO  [33mlappi[39m 
00:43:15.501 INFO  [33mlappi[39m 
00:45:02.476 INFO   
00:45:02.520 INFO  Listening on port 9000 db:logs 
00:45:02.691 INFO  [33mlappi[39m 
00:50:47.671 INFO   
00:50:47.714 INFO  Listening on port 9000 db:logs 
00:50:51.206 INFO  [33mlappi[39m 
00:51:08.392 INFO   
00:51:08.444 INFO  Listening on port 9000 db:logs 
00:51:10.503 INFO  lappi 
00:51:15.359 INFO  lappis 
00:51:16.840 INFO  lappi 
00:52:36.514 INFO   
00:52:36.558 INFO  Listening on port 9000 db:logs 
00:52:39.205 INFO  lappi 
00:57:36.200 INFO  lappi 
00:57:41.358 INFO  lappi 
00:57:43.579 INFO  lappi 
00:58:14.327 INFO  lappi 
00:58:42.600 INFO   
00:58:42.645 INFO  Listening on port 9000 db:logs 
00:58:44.913 INFO  lappi 
00:59:00.330 INFO   
00:59:00.379 INFO  Listening on port 9000 db:logs 
00:59:13.623 INFO  lappi 
00:59:30.726 INFO  [33mlappi[39m 
00:59:31.413 INFO  [33mlappi[39m 
00:59:32.106 INFO  [33mlappi[39m 
00:59:32.881 INFO  [33mlappi[39m 
22:07:55.242 INFO   
22:07:55.288 INFO  Listening on port 8084 db:logs 
22:08:32.378 INFO   
22:08:32.421 INFO  Listening on port 8084 db:logs 
22:09:24.811 INFO  [33mlappi[39m 
22:09:24.829 INFO  [33mlappi[39m 
22:09:24.838 INFO  [33mlappi[39m 
22:09:24.846 INFO  [33mlappi[39m 
22:09:24.856 INFO  [33mlappi[39m 
22:09:24.863 INFO  [33mlappi[39m 
22:09:24.873 INFO  [33mlappi[39m 
22:09:24.881 INFO  [33mlappi[39m 
22:09:24.890 INFO  [33mlappi[39m 
22:09:24.898 INFO  [33mlappi[39m 
22:19:20.129 INFO  [33mlappi[39m 
22:24:34.727 INFO  [33mlappi[39m 
22:24:34.735 INFO  [33mlappi[39m 
22:24:34.745 INFO  [33mlappi[39m 
22:24:34.753 INFO  [33mlappi[39m 
22:24:34.763 INFO  [33mlappi[39m 
22:24:34.771 INFO  [33mlappi[39m 
22:24:34.781 INFO  [33mlappi[39m 
22:24:34.789 INFO  [33mlappi[39m 
22:24:34.797 INFO  [33mlappi[39m 
22:24:34.806 INFO  [33mlappi[39m 
22:24:46.967 INFO   
22:24:47.009 INFO  Listening on port 8084 db:logs 
22:24:50.844 INFO  [33mlappi[39m 
22:24:50.862 INFO  [33mlappi[39m 
22:24:50.871 INFO  [33mlappi[39m 
22:24:50.883 INFO  [33mlappi[39m 
22:24:50.891 INFO  [33mlappi[39m 
22:24:50.898 INFO  [33mlappi[39m 
22:24:50.906 INFO  [33mlappi[39m 
22:24:50.918 INFO  [33mlappi[39m 
22:24:50.926 INFO  [33mlappi[39m 
22:24:50.935 INFO  [33mlappi[39m 
22:25:02.248 INFO  [33mlappi[39m 
22:25:22.534 INFO  gnome 
22:26:36.329 INFO   
22:26:36.371 INFO  Listening on port 8084 db:logs 
22:26:39.357 INFO  gnome 
22:33:19.861 INFO  [33mlappi[39m 
22:35:20.892 INFO  [33mlappi[39m 
22:37:18.964 INFO  [33mlappi[39m 
22:37:22.895 INFO  [33mlappi[39m 
22:38:53.041 INFO  [33mlappi[39m 
22:39:08.818 INFO  [33mlappi[39m 
22:39:17.191 INFO   
22:39:17.247 INFO  Listening on port 8084 db:logs 
22:39:20.149 INFO  [33mlappi[39m 
22:39:20.193 INFO  [33mlappi[39m 
22:39:20.203 INFO  [33mlappi[39m 
22:39:20.210 INFO  [33mlappi[39m 
22:39:20.220 INFO  [33mlappi[39m 
22:39:20.232 INFO  [33mlappi[39m 
22:39:20.241 INFO  [33mlappi[39m 
22:39:20.249 INFO  [33mlappi[39m 
22:39:20.262 INFO  [33mlappi[39m 
22:39:20.271 INFO  [33mlappi[39m 
22:39:40.401 INFO  [33mlappi[39m 
22:46:29.996 INFO   
22:46:30.040 INFO  Listening on port 8084 db:logs 
22:46:38.847 INFO  [33mlappi[39m 
22:46:48.777 INFO  gnome 
23:01:40.176 INFO  lappi 
23:01:54.324 INFO  152143 
23:02:03.367 INFO  usb 
23:03:33.734 INFO  59e51aae06b87439b569c963 
23:03:43.842 INFO  1508186380399 
23:04:15.668 INFO  [33mlappi[39m 
23:05:04.469 INFO  [33mlappi[39m 
23:05:04.479 INFO  [33mlappi[39m 
23:05:04.492 INFO  [33mlappi[39m 
23:05:04.499 INFO  [33mlappi[39m 
23:05:04.507 INFO  [33mlappi[39m 
23:05:04.521 INFO  [33mlappi[39m 
23:05:04.531 INFO  [33mlappi[39m 
23:05:04.541 INFO  [33mlappi[39m 
23:05:04.554 INFO  [33mlappi[39m 
23:05:04.562 INFO  [33mlappi[39m 
23:09:34.531 INFO   
23:09:34.574 INFO  Listening on port 8084 db:logs 
23:09:58.650 INFO   
23:09:58.692 INFO  Listening on port 8084 db:logs 
23:11:39.959 INFO   
23:11:40.004 INFO  Listening on port 8084 db:logs 
23:12:11.299 INFO   
23:12:11.342 INFO  Listening on port 8084 db:logs 
23:26:04.463 INFO   
23:26:04.505 INFO  Listening on port 8084 db:logs 
